Using pre-set license
Built from '2021.3/staging' branch; Version is '2021.3.19f1 (c9714fde33b6) revision 13201743'; Using compiler version '192829333'; Build Type 'Release'
OS: 'Windows 10  (10.0.19045) 64bit Professional' Language: 'ko' Physical Memory: 16194 MB
BatchMode: 1, IsHumanControllingUs: 0, StartBugReporterOnCrash: 0, Is64bit: 1, IsPro: 1

COMMAND LINE ARGUMENTS:
C:\Program Files\Unity\Hub\Editor\2021.3.19f1\Editor\Unity.exe
-adb2
-batchMode
-noUpm
-name
AssetImportWorker0
-projectPath
C:/Users/SGA/Desktop/직박구리/0302 유니티,깃허브/깃/moca/no pro
-logFile
Logs/AssetImportWorker0.log
-srvPort
49661
Successfully changed project path to: C:/Users/SGA/Desktop/직박구리/0302 유니티,깃허브/깃/moca/no pro
C:/Users/SGA/Desktop/직박구리/0302 유니티,깃허브/깃/moca/no pro
[UnityMemory] Configuration Parameters - Can be set up in boot.config
    "memorysetup-bucket-allocator-granularity=16"
    "memorysetup-bucket-allocator-bucket-count=8"
    "memorysetup-bucket-allocator-block-size=33554432"
    "memorysetup-bucket-allocator-block-count=8"
    "memorysetup-main-allocator-block-size=16777216"
    "memorysetup-thread-allocator-block-size=16777216"
    "memorysetup-gfx-main-allocator-block-size=16777216"
    "memorysetup-gfx-thread-allocator-block-size=16777216"
    "memorysetup-cache-allocator-block-size=4194304"
    "memorysetup-typetree-allocator-block-size=2097152"
    "memorysetup-profiler-bucket-allocator-granularity=16"
    "memorysetup-profiler-bucket-allocator-bucket-count=8"
    "memorysetup-profiler-bucket-allocator-block-size=33554432"
    "memorysetup-profiler-bucket-allocator-block-count=8"
    "memorysetup-profiler-allocator-block-size=16777216"
    "memorysetup-profiler-editor-allocator-block-size=1048576"
    "memorysetup-temp-allocator-size-main=16777216"
    "memorysetup-job-temp-allocator-block-size=2097152"
    "memorysetup-job-temp-allocator-block-size-background=1048576"
    "memorysetup-job-temp-allocator-reduction-small-platforms=262144"
    "memorysetup-temp-allocator-size-background-worker=32768"
    "memorysetup-temp-allocator-size-job-worker=262144"
    "memorysetup-temp-allocator-size-preload-manager=33554432"
    "memorysetup-temp-allocator-size-nav-mesh-worker=65536"
    "memorysetup-temp-allocator-size-audio-worker=65536"
    "memorysetup-temp-allocator-size-cloud-worker=32768"
    "memorysetup-temp-allocator-size-gi-baking-worker=262144"
    "memorysetup-temp-allocator-size-gfx=262144"
Player connection [14500] Host "[IP] 192.168.0.178 [Port] 0 [Flags] 2 [Guid] 90562486 [EditorId] 90562486 [Version] 1048832 [Id] WindowsEditor(7,DESKTOP-HQKDT44) [Debug] 1 [PackageName] WindowsEditor [ProjectName] Editor" joined multi-casting on [225.0.0.222:54997]...

Player connection [14500] Host "[IP] 192.168.0.178 [Port] 0 [Flags] 2 [Guid] 90562486 [EditorId] 90562486 [Version] 1048832 [Id] WindowsEditor(7,DESKTOP-HQKDT44) [Debug] 1 [PackageName] WindowsEditor [ProjectName] Editor" joined alternative multi-casting on [225.0.0.222:34997]...

Refreshing native plugins compatible for Editor in 48.76 ms, found 3 plugins.
Preloading 0 native plugins for Editor in 0.00 ms.
Initialize engine version: 2021.3.19f1 (c9714fde33b6)
[Subsystems] Discovering subsystems at path C:/Program Files/Unity/Hub/Editor/2021.3.19f1/Editor/Data/Resources/UnitySubsystems
[Subsystems] Discovering subsystems at path C:/Users/SGA/Desktop/직박구리/0302 유니티,깃허브/깃/moca/no pro/Assets
GfxDevice: creating device client; threaded=0; jobified=0
Direct3D:
    Version:  Direct3D 11.0 [level 11.1]
    Renderer: NVIDIA GeForce GTX 1650 (ID=0x1f82)
    Vendor:   NVIDIA
    VRAM:     3962 MB
    Driver:   31.0.15.1694
Initialize mono
Mono path[0] = 'C:/Program Files/Unity/Hub/Editor/2021.3.19f1/Editor/Data/Managed'
Mono path[1] = 'C:/Program Files/Unity/Hub/Editor/2021.3.19f1/Editor/Data/MonoBleedingEdge/lib/mono/unityjit-win32'
Mono config path = 'C:/Program Files/Unity/Hub/Editor/2021.3.19f1/Editor/Data/MonoBleedingEdge/etc'
Using monoOptions --debugger-agent=transport=dt_socket,embedding=1,server=y,suspend=n,address=127.0.0.1:56112
Begin MonoManager ReloadAssembly
Registering precompiled unity dll's ...
Register platform support module: C:/Program Files/Unity/Hub/Editor/2021.3.19f1/Editor/Data/PlaybackEngines/WebGLSupport/UnityEditor.WebGL.Extensions.dll
Register platform support module: C:/Program Files/Unity/Hub/Editor/2021.3.19f1/Editor/Data/PlaybackEngines/WindowsStandaloneSupport/UnityEditor.WindowsStandalone.Extensions.dll
Registered in 0.004507 seconds.
Native extension for WindowsStandalone target not found
Native extension for WebGL target not found
Refreshing native plugins compatible for Editor in 48.85 ms, found 3 plugins.
Preloading 0 native plugins for Editor in 0.00 ms.
Mono: successfully reloaded assembly
- Completed reload, in  0.420 seconds
Domain Reload Profiling:
	ReloadAssembly (420ms)
		BeginReloadAssembly (47ms)
			ExecutionOrderSort (0ms)
			DisableScriptedObjects (0ms)
			BackupInstance (0ms)
			ReleaseScriptingObjects (0ms)
			CreateAndSetChildDomain (1ms)
		EndReloadAssembly (293ms)
			LoadAssemblies (46ms)
			RebuildTransferFunctionScriptingTraits (0ms)
			SetupTypeCache (70ms)
			ReleaseScriptCaches (0ms)
			RebuildScriptCaches (19ms)
			SetupLoadedEditorAssemblies (169ms)
				LogAssemblyErrors (0ms)
				InitializePlatformSupportModulesInManaged (6ms)
				SetLoadedEditorAssemblies (0ms)
				RefreshPlugins (49ms)
				BeforeProcessingInitializeOnLoad (1ms)
				ProcessInitializeOnLoadAttributes (82ms)
				ProcessInitializeOnLoadMethodAttributes (31ms)
				AfterProcessingInitializeOnLoad (0ms)
				EditorAssembliesLoaded (0ms)
			ExecutionOrderSort2 (0ms)
			AwakeInstancesAfterBackupRestoration (0ms)
Platform modules already initialized, skipping
Registering precompiled user dll's ...
Registered in 0.002850 seconds.
Begin MonoManager ReloadAssembly
Symbol file LoadedFromMemory doesn't match image C:\Users\SGA\Desktop\직박구리\0302 유니티,깃허브\깃\moca\no pro\Library\PackageCache\com.unity.visualscripting@1.8.0\Editor\VisualScripting.Core\Dependencies\YamlDotNet\Unity.VisualScripting.YamlDotNet.dll
Symbol file LoadedFromMemory doesn't match image C:\Users\SGA\Desktop\직박구리\0302 유니티,깃허브\깃\moca\no pro\Library\PackageCache\com.unity.visualscripting@1.8.0\Editor\VisualScripting.Core\Dependencies\DotNetZip\Unity.VisualScripting.IonicZip.dll
Native extension for WindowsStandalone target not found
Native extension for WebGL target not found
Refreshing native plugins compatible for Editor in 0.38 ms, found 3 plugins.
Preloading 0 native plugins for Editor in 0.00 ms.
Mono: successfully reloaded assembly
- Completed reload, in  0.703 seconds
Domain Reload Profiling:
	ReloadAssembly (704ms)
		BeginReloadAssembly (72ms)
			ExecutionOrderSort (0ms)
			DisableScriptedObjects (4ms)
			BackupInstance (0ms)
			ReleaseScriptingObjects (0ms)
			CreateAndSetChildDomain (13ms)
		EndReloadAssembly (553ms)
			LoadAssemblies (49ms)
			RebuildTransferFunctionScriptingTraits (0ms)
			SetupTypeCache (216ms)
			ReleaseScriptCaches (0ms)
			RebuildScriptCaches (31ms)
			SetupLoadedEditorAssemblies (229ms)
				LogAssemblyErrors (0ms)
				InitializePlatformSupportModulesInManaged (4ms)
				SetLoadedEditorAssemblies (0ms)
				RefreshPlugins (0ms)
				BeforeProcessingInitializeOnLoad (55ms)
				ProcessInitializeOnLoadAttributes (152ms)
				ProcessInitializeOnLoadMethodAttributes (13ms)
				AfterProcessingInitializeOnLoad (4ms)
				EditorAssembliesLoaded (0ms)
			ExecutionOrderSort2 (0ms)
			AwakeInstancesAfterBackupRestoration (4ms)
Platform modules already initialized, skipping
========================================================================
Worker process is ready to serve import requests
Launched and connected shader compiler UnityShaderCompiler.exe after 0.03 seconds
Refreshing native plugins compatible for Editor in 0.70 ms, found 3 plugins.
Preloading 0 native plugins for Editor in 0.00 ms.
Unloading 3125 Unused Serialized files (Serialized files now loaded: 0)
Unloading 22 unused Assets / (56.0 KB). Loaded Objects now: 3592.
Memory consumption went from 117.2 MB to 117.1 MB.
Total: 2.026100 ms (FindLiveObjects: 0.170000 ms CreateObjectMapping: 0.077600 ms MarkObjects: 1.715100 ms  DeleteObjects: 0.062400 ms)

AssetImportParameters requested are different than current active one (requested -> active):
  custom:video-decoder-ogg-theora: a1e56fd34408186e4bbccfd4996cb3dc -> 
  custom:container-muxer-webm: aa71ff27fc2769a1b78a27578f13a17b -> 
  custom:container-demuxer-webm: 4f35f7cbe854078d1ac9338744f61a02 -> 
  custom:video-encoder-webm-vp8: eb34c28f22e8b96e1ab97ce403110664 -> 
  custom:audio-encoder-webm-vorbis: bf7c407c2cedff20999df2af8eb42d56 -> 
  custom:framework-win-MediaFoundation: 216162199b28c13a410421893ffa2e32 -> 
  custom:container-demuxer-ogg: 62fdf1f143b41e24485cea50d1cbac27 -> 
  custom:video-decoder-webm-vp8: 9c59270c3fd7afecdb556c50c9e8de78 -> 
  custom:audio-decoder-ogg-vorbis: bf7c407c2cedff20999df2af8eb42d56 -> 
========================================================================
Received Import Request.
  Time since last request: 1391.433837 seconds.
  path: Assets/Bringer Of Death/Sprite Sheet
  artifactKey: Guid(19a87452f5a57214c96be3c04ed3be81) Importer(815301076,1909f56bfc062723c751e8b465ee728b)
Start importing Assets/Bringer Of Death/Sprite Sheet using Guid(19a87452f5a57214c96be3c04ed3be81) Importer(815301076,1909f56bfc062723c751e8b465ee728b)  -> (artifact id: 'b20151bde4ba8ea32beafbac23d45e23') in 0.011445 seconds 
========================================================================
Received Import Request.
  Time since last request: 0.074493 seconds.
  path: Assets/Bringer Of Death/Sprite Sheet/Bringer-of-Death-SpritSheet.png
  artifactKey: Guid(1914d95466e3d4341a618c35a56d5f82) Importer(815301076,1909f56bfc062723c751e8b465ee728b)
Start importing Assets/Bringer Of Death/Sprite Sheet/Bringer-of-Death-SpritSheet.png using Guid(1914d95466e3d4341a618c35a56d5f82) Importer(815301076,1909f56bfc062723c751e8b465ee728b)  -> (artifact id: '25c3d7f747abaedad9a5ba750cb5d889') in 0.165041 seconds 
========================================================================
Received Import Request.
  Time since last request: 398.016223 seconds.
  path: Assets/Bringer Of Death/Sprite Sheet/Bringer-of-Death-SpritSheet 1.png
  artifactKey: Guid(e64632dda7a38fd40ba93b175aff7c31) Importer(815301076,1909f56bfc062723c751e8b465ee728b)
Start importing Assets/Bringer Of Death/Sprite Sheet/Bringer-of-Death-SpritSheet 1.png using Guid(e64632dda7a38fd40ba93b175aff7c31) Importer(815301076,1909f56bfc062723c751e8b465ee728b)  -> (artifact id: '1e8c0fc113a1341f8870a6be28510d66') in 0.076625 seconds 
========================================================================
Received Import Request.
  Time since last request: 11.196872 seconds.
  path: Assets/Enemy.png
  artifactKey: Guid(e64632dda7a38fd40ba93b175aff7c31) Importer(815301076,1909f56bfc062723c751e8b465ee728b)
Start importing Assets/Enemy.png using Guid(e64632dda7a38fd40ba93b175aff7c31) Importer(815301076,1909f56bfc062723c751e8b465ee728b)  -> (artifact id: '7c82ec647fb7b1005f6a3d58bf3ace61') in 0.137401 seconds 
========================================================================
Received Import Request.
  Time since last request: 4.349414 seconds.
  path: Assets/Textures
  artifactKey: Guid(412add85a0dea0e4f8c27489e4c13603) Importer(815301076,1909f56bfc062723c751e8b465ee728b)
Start importing Assets/Textures using Guid(412add85a0dea0e4f8c27489e4c13603) Importer(815301076,1909f56bfc062723c751e8b465ee728b)  -> (artifact id: '050fd536d278baeaea0b8a6a7cf97928') in 0.004699 seconds 
========================================================================
Received Import Request.
  Time since last request: 53.816875 seconds.
  path: Assets/Textures/New Animator Controller.controller
  artifactKey: Guid(a68605013517b084a8a1136e68a18e0d) Importer(815301076,1909f56bfc062723c751e8b465ee728b)
Start importing Assets/Textures/New Animator Controller.controller using Guid(a68605013517b084a8a1136e68a18e0d) Importer(815301076,1909f56bfc062723c751e8b465ee728b)  -> (artifact id: 'cac8d55060116ade9c5e540515394683') in 0.008228 seconds 
========================================================================
Received Import Request.
  Time since last request: 10.682522 seconds.
  path: Assets/Textures/New Animation.anim
  artifactKey: Guid(d3ca2eec862f4034ebfbcbc963d07b33) Importer(815301076,1909f56bfc062723c751e8b465ee728b)
Start importing Assets/Textures/New Animation.anim using Guid(d3ca2eec862f4034ebfbcbc963d07b33) Importer(815301076,1909f56bfc062723c751e8b465ee728b)  -> (artifact id: '484f1957fbda44922b0eb20fd33d2a8b') in 0.006613 seconds 
========================================================================
Received Import Request.
  Time since last request: 18.673891 seconds.
  path: Assets/Textures/Enemy.controller
  artifactKey: Guid(a68605013517b084a8a1136e68a18e0d) Importer(815301076,1909f56bfc062723c751e8b465ee728b)
Start importing Assets/Textures/Enemy.controller using Guid(a68605013517b084a8a1136e68a18e0d) Importer(815301076,1909f56bfc062723c751e8b465ee728b)  -> (artifact id: '218c97d46fdf96fe2d80b3c93236a1ce') in 0.002083 seconds 
========================================================================
Received Import Request.
  Time since last request: 18.418817 seconds.
  path: Assets/Textures/Idle.anim
  artifactKey: Guid(d3ca2eec862f4034ebfbcbc963d07b33) Importer(815301076,1909f56bfc062723c751e8b465ee728b)
Start importing Assets/Textures/Idle.anim using Guid(d3ca2eec862f4034ebfbcbc963d07b33) Importer(815301076,1909f56bfc062723c751e8b465ee728b)  -> (artifact id: 'f8f5649bf2188e2ffc19536477259e05') in 0.006928 seconds 
========================================================================
Received Import Request.
  Time since last request: 491.005111 seconds.
  path: Assets/Textures/EIdle.anim
  artifactKey: Guid(d3ca2eec862f4034ebfbcbc963d07b33) Importer(815301076,1909f56bfc062723c751e8b465ee728b)
Start importing Assets/Textures/EIdle.anim using Guid(d3ca2eec862f4034ebfbcbc963d07b33) Importer(815301076,1909f56bfc062723c751e8b465ee728b)  -> (artifact id: '7fda7095de48826212b4bce255a89090') in 0.006619 seconds 
========================================================================
Received Import Request.
  Time since last request: 18.608980 seconds.
  path: Assets/Textures/ERun.anim
  artifactKey: Guid(16f6f281f6096064bbe09051c9f31fbe) Importer(815301076,1909f56bfc062723c751e8b465ee728b)
Start importing Assets/Textures/ERun.anim using Guid(16f6f281f6096064bbe09051c9f31fbe) Importer(815301076,1909f56bfc062723c751e8b465ee728b)  -> (artifact id: 'b5aee89fc000e972bc4cf3fa9351ed47') in 0.006262 seconds 
========================================================================
Received Import Request.
  Time since last request: 389.188531 seconds.
  path: Assets/Textures/EAttack.anim
  artifactKey: Guid(a9b40a620c7510c4db0fb598667f1ccd) Importer(815301076,1909f56bfc062723c751e8b465ee728b)
Start importing Assets/Textures/EAttack.anim using Guid(a9b40a620c7510c4db0fb598667f1ccd) Importer(815301076,1909f56bfc062723c751e8b465ee728b)  -> (artifact id: '376017dbe3398a40eb835646c2074203') in 0.006246 seconds 
========================================================================
Received Import Request.
  Time since last request: 120.800579 seconds.
  path: Assets/Textures/EHit.anim
  artifactKey: Guid(65467f69b13c8bd4f8978b1c8fe4ed56) Importer(815301076,1909f56bfc062723c751e8b465ee728b)
Start importing Assets/Textures/EHit.anim using Guid(65467f69b13c8bd4f8978b1c8fe4ed56) Importer(815301076,1909f56bfc062723c751e8b465ee728b)  -> (artifact id: 'bb479c17640edee4aeb11765ceaa546b') in 0.006013 seconds 
========================================================================
Received Import Request.
  Time since last request: 112.886604 seconds.
  path: Assets/Textures/EDead.anim
  artifactKey: Guid(bad76f1c8150ba544b9e78d127ee57e0) Importer(815301076,1909f56bfc062723c751e8b465ee728b)
Start importing Assets/Textures/EDead.anim using Guid(bad76f1c8150ba544b9e78d127ee57e0) Importer(815301076,1909f56bfc062723c751e8b465ee728b)  -> (artifact id: '01ca3d47751d4fa6164d4e246245349d') in 0.005840 seconds 
========================================================================
Received Import Request.
  Time since last request: 98.179002 seconds.
  path: Assets/Textures/ESkill.anim
  artifactKey: Guid(8c894d97c1e6f7243a99d7dc655604e5) Importer(815301076,1909f56bfc062723c751e8b465ee728b)
Start importing Assets/Textures/ESkill.anim using Guid(8c894d97c1e6f7243a99d7dc655604e5) Importer(815301076,1909f56bfc062723c751e8b465ee728b)  -> (artifact id: '9bd2aef7c71b49a054aa3f58c1b6ee50') in 0.005722 seconds 
========================================================================
Received Import Request.
  Time since last request: 36.939979 seconds.
  path: Assets/Textures/New Animator Controller.controller
  artifactKey: Guid(2a0ea3ec5cb6dec42b4668d5eb4d829c) Importer(815301076,1909f56bfc062723c751e8b465ee728b)
Start importing Assets/Textures/New Animator Controller.controller using Guid(2a0ea3ec5cb6dec42b4668d5eb4d829c) Importer(815301076,1909f56bfc062723c751e8b465ee728b)  -> (artifact id: 'aab9eea7ddf3b66fbfdd063d4f1b5b9d') in 0.002862 seconds 
========================================================================
Received Import Request.
  Time since last request: 3.805490 seconds.
  path: Assets/Textures/New Animation.anim
  artifactKey: Guid(5f475fb1591a24844894c4086472e39b) Importer(815301076,1909f56bfc062723c751e8b465ee728b)
Start importing Assets/Textures/New Animation.anim using Guid(5f475fb1591a24844894c4086472e39b) Importer(815301076,1909f56bfc062723c751e8b465ee728b)  -> (artifact id: '0b873c3e184d600a8346bd3972785517') in 0.002741 seconds 
========================================================================
Received Import Request.
  Time since last request: 4.453923 seconds.
  path: Assets/Textures/EnemyBullet.controller
  artifactKey: Guid(2a0ea3ec5cb6dec42b4668d5eb4d829c) Importer(815301076,1909f56bfc062723c751e8b465ee728b)
Start importing Assets/Textures/EnemyBullet.controller using Guid(2a0ea3ec5cb6dec42b4668d5eb4d829c) Importer(815301076,1909f56bfc062723c751e8b465ee728b)  -> (artifact id: '91c6b79ebc5b283a315a055b32fef8c0') in 0.006102 seconds 
========================================================================
Received Import Request.
  Time since last request: 11.641042 seconds.
  path: Assets/Textures/EBullet.anim
  artifactKey: Guid(5f475fb1591a24844894c4086472e39b) Importer(815301076,1909f56bfc062723c751e8b465ee728b)
Start importing Assets/Textures/EBullet.anim using Guid(5f475fb1591a24844894c4086472e39b) Importer(815301076,1909f56bfc062723c751e8b465ee728b)  -> (artifact id: '636fb6fa6321dad33b0d51fc16ca5e87') in 0.006737 seconds 
========================================================================
Received Import Request.
  Time since last request: 68.189343 seconds.
  path: Assets/Textures/Enemy
  artifactKey: Guid(9b09c18403cca134d8b621398f3bd3bd) Importer(815301076,1909f56bfc062723c751e8b465ee728b)
Start importing Assets/Textures/Enemy using Guid(9b09c18403cca134d8b621398f3bd3bd) Importer(815301076,1909f56bfc062723c751e8b465ee728b)  -> (artifact id: '855cade7ad59a013737fc73c7bac9f77') in 0.002097 seconds 
========================================================================
Received Import Request.
  Time since last request: 9.496775 seconds.
  path: Assets/Textures/EnemyBullet
  artifactKey: Guid(7968fdea49c784a44aac8680e03cd415) Importer(815301076,1909f56bfc062723c751e8b465ee728b)
Start importing Assets/Textures/EnemyBullet using Guid(7968fdea49c784a44aac8680e03cd415) Importer(815301076,1909f56bfc062723c751e8b465ee728b)  -> (artifact id: '9428f59685c16ead18f0f628a52b51dd') in 0.001546 seconds 
========================================================================
Received Import Request.
  Time since last request: 21.763990 seconds.
  path: Assets/Animations
  artifactKey: Guid(f6a8ac88659660742903bf0652061850) Importer(815301076,1909f56bfc062723c751e8b465ee728b)
Start importing Assets/Animations using Guid(f6a8ac88659660742903bf0652061850) Importer(815301076,1909f56bfc062723c751e8b465ee728b)  -> (artifact id: '3ccbf89486ee487f90323c61edb64aa6') in 0.007346 seconds 
========================================================================
Received Import Request.
  Time since last request: 6.953272 seconds.
  path: Assets/Animations/Player
  artifactKey: Guid(791ac7f7283498f4e941473e514ef386) Importer(815301076,1909f56bfc062723c751e8b465ee728b)
Start importing Assets/Animations/Player using Guid(791ac7f7283498f4e941473e514ef386) Importer(815301076,1909f56bfc062723c751e8b465ee728b)  -> (artifact id: 'e9002fadebaaf2ac359afa4f73e3e9a2') in 0.005210 seconds 
========================================================================
Received Import Request.
  Time since last request: 1.232909 seconds.
  path: Assets/Animations/Attack.anim
  artifactKey: Guid(858a7fbd2f40b574196ecb0781471c39) Importer(815301076,1909f56bfc062723c751e8b465ee728b)
Start importing Assets/Animations/Attack.anim using Guid(858a7fbd2f40b574196ecb0781471c39) Importer(815301076,1909f56bfc062723c751e8b465ee728b)  -> (artifact id: '5141f23d46d7346e3f3a9640aef26f3b') in 0.005574 seconds 
========================================================================
Received Import Request.
  Time since last request: 11.758621 seconds.
  path: Assets/Animations/Controller
  artifactKey: Guid(ba400645efa975a43a697196ed5c3b7b) Importer(815301076,1909f56bfc062723c751e8b465ee728b)
Start importing Assets/Animations/Controller using Guid(ba400645efa975a43a697196ed5c3b7b) Importer(815301076,1909f56bfc062723c751e8b465ee728b)  -> (artifact id: '899c823f08c091931aee8439af660fb1') in 0.005759 seconds 
========================================================================
Received Import Request.
  Time since last request: 25.126426 seconds.
  path: Assets/Animations/Player/Player.controller
  artifactKey: Guid(99c9aa8e305132644a38b62695738f6f) Importer(815301076,1909f56bfc062723c751e8b465ee728b)
Start importing Assets/Animations/Player/Player.controller using Guid(99c9aa8e305132644a38b62695738f6f) Importer(815301076,1909f56bfc062723c751e8b465ee728b)  -> (artifact id: '409ee5b305511bfc6961ae7267890dec') in 0.004295 seconds 
========================================================================
Received Import Request.
  Time since last request: 1383.689294 seconds.
  path: Assets/Resources/Prefab/Bullet.prefab
  artifactKey: Guid(d4ae82300bfbf1a45982a9c27feffd89) Importer(815301076,1909f56bfc062723c751e8b465ee728b)
Start importing Assets/Resources/Prefab/Bullet.prefab using Guid(d4ae82300bfbf1a45982a9c27feffd89) Importer(815301076,1909f56bfc062723c751e8b465ee728b)  -> (artifact id: 'a75599507e6aedefbcda5eb133618f02') in 0.040722 seconds 
========================================================================
Received Import Request.
  Time since last request: 2324.203731 seconds.
  path: Assets/Resources
  artifactKey: Guid(c4dc1f868aba07046acc8333d3078e49) Importer(815301076,1909f56bfc062723c751e8b465ee728b)
Start importing Assets/Resources using Guid(c4dc1f868aba07046acc8333d3078e49) Importer(815301076,1909f56bfc062723c751e8b465ee728b)  -> (artifact id: '3cbe1d958dff51606f6179c1931317a1') in 0.005052 seconds 
========================================================================
Received Import Request.
  Time since last request: 59.359918 seconds.
  path: Assets/Textures/shadow.png
  artifactKey: Guid(d9dc2f93a7f281d40aaa64edcf515ed8) Importer(815301076,1909f56bfc062723c751e8b465ee728b)
Start importing Assets/Textures/shadow.png using Guid(d9dc2f93a7f281d40aaa64edcf515ed8) Importer(815301076,1909f56bfc062723c751e8b465ee728b)  -> (artifact id: '732e5556ccb0aa25ab9ed8ccdd4f8bad') in 0.015486 seconds 
========================================================================
Received Import Request.
  Time since last request: 344.926445 seconds.
  path: Assets/Resources/Prefab/Player.prefab
  artifactKey: Guid(bd54506feb9247e4c8d7461bcd6c72fa) Importer(815301076,1909f56bfc062723c751e8b465ee728b)
Start importing Assets/Resources/Prefab/Player.prefab using Guid(bd54506feb9247e4c8d7461bcd6c72fa) Importer(815301076,1909f56bfc062723c751e8b465ee728b)  -> (artifact id: '2cc64f36d681873e3a7058bf1dedfef3') in 0.043742 seconds 
========================================================================
Received Import Request.
  Time since last request: 3.595418 seconds.
  path: Assets/Resources/Prefab/Enemy.prefab
  artifactKey: Guid(ee1bf58a3f51cf445a8e60e669b67e1d) Importer(815301076,1909f56bfc062723c751e8b465ee728b)
Start importing Assets/Resources/Prefab/Enemy.prefab using Guid(ee1bf58a3f51cf445a8e60e669b67e1d) Importer(815301076,1909f56bfc062723c751e8b465ee728b)  -> (artifact id: 'b74ed005eccf19aa7a925e6b2a1c7bdd') in 0.049500 seconds 
========================================================================
Received Import Request.
  Time since last request: 16.391105 seconds.
  path: Assets/Resources/Prefab/Enemy.prefab
  artifactKey: Guid(ee1bf58a3f51cf445a8e60e669b67e1d) Importer(815301076,1909f56bfc062723c751e8b465ee728b)
Start importing Assets/Resources/Prefab/Enemy.prefab using Guid(ee1bf58a3f51cf445a8e60e669b67e1d) Importer(815301076,1909f56bfc062723c751e8b465ee728b)  -> (artifact id: 'e64ac6adbdef64fd89a7cd286dc127fa') in 0.008902 seconds 
========================================================================
Received Import Request.
  Time since last request: 318.192057 seconds.
  path: Assets/Textures/New Folder
  artifactKey: Guid(d555d4ce196c6034ab057d0cadb8bf68) Importer(815301076,1909f56bfc062723c751e8b465ee728b)
Start importing Assets/Textures/New Folder using Guid(d555d4ce196c6034ab057d0cadb8bf68) Importer(815301076,1909f56bfc062723c751e8b465ee728b)  -> (artifact id: '0f465e4de7d0048ab0e73d0faf4a7b54') in 0.004802 seconds 
========================================================================
Received Import Request.
  Time since last request: 9.027563 seconds.
  path: Assets/Resources/Prefab/Enemy
  artifactKey: Guid(24b957201d26b554eafc1271b0306324) Importer(815301076,1909f56bfc062723c751e8b465ee728b)
Start importing Assets/Resources/Prefab/Enemy using Guid(24b957201d26b554eafc1271b0306324) Importer(815301076,1909f56bfc062723c751e8b465ee728b)  -> (artifact id: '950b0727133be7bc7ecaa130a74c9e65') in 0.001588 seconds 
========================================================================
Received Import Request.
  Time since last request: 6.422275 seconds.
  path: Assets/Resources/Prefab/Enemy/EnemyBullet.prefab
  artifactKey: Guid(0a7eed64c2085df438beb3c138664463) Importer(815301076,1909f56bfc062723c751e8b465ee728b)
Start importing Assets/Resources/Prefab/Enemy/EnemyBullet.prefab using Guid(0a7eed64c2085df438beb3c138664463) Importer(815301076,1909f56bfc062723c751e8b465ee728b)  -> (artifact id: '46862df28508853518fa8c202c83faa5') in 0.024447 seconds 
========================================================================
Received Import Request.
  Time since last request: 16.088317 seconds.
  path: Assets/Resources/Prefab/Enemy/Enemy.prefab
  artifactKey: Guid(ee1bf58a3f51cf445a8e60e669b67e1d) Importer(815301076,1909f56bfc062723c751e8b465ee728b)
Start importing Assets/Resources/Prefab/Enemy/Enemy.prefab using Guid(ee1bf58a3f51cf445a8e60e669b67e1d) Importer(815301076,1909f56bfc062723c751e8b465ee728b)  -> (artifact id: '54401d03b15151de282a6ed74a19bde1') in 0.038423 seconds 
========================================================================
Received Import Request.
  Time since last request: 450.343482 seconds.
  path: Assets/Textures/shadow.png
  artifactKey: Guid(d9dc2f93a7f281d40aaa64edcf515ed8) Importer(815301076,1909f56bfc062723c751e8b465ee728b)
Start importing Assets/Textures/shadow.png using Guid(d9dc2f93a7f281d40aaa64edcf515ed8) Importer(815301076,1909f56bfc062723c751e8b465ee728b)  -> (artifact id: '121108506ed2a67f79662ccc5a7b1e9d') in 0.045688 seconds 
========================================================================
Received Import Request.
  Time since last request: 30.125474 seconds.
  path: Assets/Resources/Prefab/Enemy/Enemy.prefab
  artifactKey: Guid(ee1bf58a3f51cf445a8e60e669b67e1d) Importer(815301076,1909f56bfc062723c751e8b465ee728b)
Start importing Assets/Resources/Prefab/Enemy/Enemy.prefab using Guid(ee1bf58a3f51cf445a8e60e669b67e1d) Importer(815301076,1909f56bfc062723c751e8b465ee728b)  -> (artifact id: '0f26950afbf3d3221a0286d45c8baa5d') in 0.021193 seconds 
========================================================================
Received Import Request.
  Time since last request: 82.716615 seconds.
  path: Assets/Textures/shadow.png
  artifactKey: Guid(d9dc2f93a7f281d40aaa64edcf515ed8) Importer(815301076,1909f56bfc062723c751e8b465ee728b)
Start importing Assets/Textures/shadow.png using Guid(d9dc2f93a7f281d40aaa64edcf515ed8) Importer(815301076,1909f56bfc062723c751e8b465ee728b)  -> (artifact id: '6535e1fae154433b9b07e800da551bf7') in 0.010275 seconds 
========================================================================
Received Import Request.
  Time since last request: 5.912284 seconds.
  path: Assets/Textures/shadow.png
  artifactKey: Guid(d9dc2f93a7f281d40aaa64edcf515ed8) Importer(815301076,1909f56bfc062723c751e8b465ee728b)
Start importing Assets/Textures/shadow.png using Guid(d9dc2f93a7f281d40aaa64edcf515ed8) Importer(815301076,1909f56bfc062723c751e8b465ee728b)  -> (artifact id: 'f185da977a90d3e44837ed37707bbe5d') in 0.006771 seconds 
========================================================================
Received Import Request.
  Time since last request: 18.407430 seconds.
  path: Assets/Textures/shadow.png
  artifactKey: Guid(d9dc2f93a7f281d40aaa64edcf515ed8) Importer(815301076,1909f56bfc062723c751e8b465ee728b)
Start importing Assets/Textures/shadow.png using Guid(d9dc2f93a7f281d40aaa64edcf515ed8) Importer(815301076,1909f56bfc062723c751e8b465ee728b)  -> (artifact id: 'c4044e57c24e710fcb55bc8b7ddf5a25') in 0.011784 seconds 
========================================================================
Received Import Request.
  Time since last request: 80.374591 seconds.
  path: Assets/Resources/Prefab/Player.prefab
  artifactKey: Guid(bd54506feb9247e4c8d7461bcd6c72fa) Importer(815301076,1909f56bfc062723c751e8b465ee728b)
Start importing Assets/Resources/Prefab/Player.prefab using Guid(bd54506feb9247e4c8d7461bcd6c72fa) Importer(815301076,1909f56bfc062723c751e8b465ee728b)  -> (artifact id: '49f8db0e872ffc5fa5b3ff4c2a53dedb') in 0.012416 seconds 
========================================================================
Received Import Request.
  Time since last request: 30.003009 seconds.
  path: Assets/Resources/Prefab/Bullet.prefab
  artifactKey: Guid(d4ae82300bfbf1a45982a9c27feffd89) Importer(815301076,1909f56bfc062723c751e8b465ee728b)
Start importing Assets/Resources/Prefab/Bullet.prefab using Guid(d4ae82300bfbf1a45982a9c27feffd89) Importer(815301076,1909f56bfc062723c751e8b465ee728b)  -> (artifact id: '5645ab947c33efb2a084b2c81e57130a') in 0.012147 seconds 
