Using pre-set license
Built from '2021.3/staging' branch; Version is '2021.3.19f1 (c9714fde33b6) revision 13201743'; Using compiler version '192829333'; Build Type 'Release'
OS: 'Windows 10  (10.0.19045) 64bit Professional' Language: 'ko' Physical Memory: 16194 MB
BatchMode: 1, IsHumanControllingUs: 0, StartBugReporterOnCrash: 0, Is64bit: 1, IsPro: 1

COMMAND LINE ARGUMENTS:
C:\Program Files\Unity\Hub\Editor\2021.3.19f1\Editor\Unity.exe
-adb2
-batchMode
-noUpm
-name
AssetImportWorker2
-projectPath
C:/Users/SGA/Desktop/직박구리/0302 유니티,깃허브/깃/moca/no pro
-logFile
Logs/AssetImportWorker2.log
-srvPort
50052
Successfully changed project path to: C:/Users/SGA/Desktop/직박구리/0302 유니티,깃허브/깃/moca/no pro
C:/Users/SGA/Desktop/직박구리/0302 유니티,깃허브/깃/moca/no pro
[UnityMemory] Configuration Parameters - Can be set up in boot.config
    "memorysetup-bucket-allocator-granularity=16"
    "memorysetup-bucket-allocator-bucket-count=8"
    "memorysetup-bucket-allocator-block-size=33554432"
    "memorysetup-bucket-allocator-block-count=8"
    "memorysetup-main-allocator-block-size=16777216"
    "memorysetup-thread-allocator-block-size=16777216"
    "memorysetup-gfx-main-allocator-block-size=16777216"
    "memorysetup-gfx-thread-allocator-block-size=16777216"
    "memorysetup-cache-allocator-block-size=4194304"
    "memorysetup-typetree-allocator-block-size=2097152"
    "memorysetup-profiler-bucket-allocator-granularity=16"
    "memorysetup-profiler-bucket-allocator-bucket-count=8"
    "memorysetup-profiler-bucket-allocator-block-size=33554432"
    "memorysetup-profiler-bucket-allocator-block-count=8"
    "memorysetup-profiler-allocator-block-size=16777216"
    "memorysetup-profiler-editor-allocator-block-size=1048576"
    "memorysetup-temp-allocator-size-main=16777216"
    "memorysetup-job-temp-allocator-block-size=2097152"
    "memorysetup-job-temp-allocator-block-size-background=1048576"
    "memorysetup-job-temp-allocator-reduction-small-platforms=262144"
    "memorysetup-temp-allocator-size-background-worker=32768"
    "memorysetup-temp-allocator-size-job-worker=262144"
    "memorysetup-temp-allocator-size-preload-manager=33554432"
    "memorysetup-temp-allocator-size-nav-mesh-worker=65536"
    "memorysetup-temp-allocator-size-audio-worker=65536"
    "memorysetup-temp-allocator-size-cloud-worker=32768"
    "memorysetup-temp-allocator-size-gi-baking-worker=262144"
    "memorysetup-temp-allocator-size-gfx=262144"
Player connection [11148] Host "[IP] 192.168.0.178 [Port] 0 [Flags] 2 [Guid] 531384148 [EditorId] 531384148 [Version] 1048832 [Id] WindowsEditor(7,DESKTOP-HQKDT44) [Debug] 1 [PackageName] WindowsEditor [ProjectName] Editor" joined multi-casting on [225.0.0.222:54997]...

Player connection [11148] Host "[IP] 192.168.0.178 [Port] 0 [Flags] 2 [Guid] 531384148 [EditorId] 531384148 [Version] 1048832 [Id] WindowsEditor(7,DESKTOP-HQKDT44) [Debug] 1 [PackageName] WindowsEditor [ProjectName] Editor" joined alternative multi-casting on [225.0.0.222:34997]...

Refreshing native plugins compatible for Editor in 65.45 ms, found 3 plugins.
Preloading 0 native plugins for Editor in 0.00 ms.
Initialize engine version: 2021.3.19f1 (c9714fde33b6)
[Subsystems] Discovering subsystems at path C:/Program Files/Unity/Hub/Editor/2021.3.19f1/Editor/Data/Resources/UnitySubsystems
[Subsystems] Discovering subsystems at path C:/Users/SGA/Desktop/직박구리/0302 유니티,깃허브/깃/moca/no pro/Assets
GfxDevice: creating device client; threaded=0; jobified=0
Direct3D:
    Version:  Direct3D 11.0 [level 11.1]
    Renderer: NVIDIA GeForce GTX 1650 (ID=0x1f82)
    Vendor:   NVIDIA
    VRAM:     3962 MB
    Driver:   31.0.15.1694
Initialize mono
Mono path[0] = 'C:/Program Files/Unity/Hub/Editor/2021.3.19f1/Editor/Data/Managed'
Mono path[1] = 'C:/Program Files/Unity/Hub/Editor/2021.3.19f1/Editor/Data/MonoBleedingEdge/lib/mono/unityjit-win32'
Mono config path = 'C:/Program Files/Unity/Hub/Editor/2021.3.19f1/Editor/Data/MonoBleedingEdge/etc'
Using monoOptions --debugger-agent=transport=dt_socket,embedding=1,server=y,suspend=n,address=127.0.0.1:56272
Begin MonoManager ReloadAssembly
Registering precompiled unity dll's ...
Register platform support module: C:/Program Files/Unity/Hub/Editor/2021.3.19f1/Editor/Data/PlaybackEngines/WebGLSupport/UnityEditor.WebGL.Extensions.dll
Register platform support module: C:/Program Files/Unity/Hub/Editor/2021.3.19f1/Editor/Data/PlaybackEngines/WindowsStandaloneSupport/UnityEditor.WindowsStandalone.Extensions.dll
Registered in 0.005319 seconds.
Native extension for WindowsStandalone target not found
Native extension for WebGL target not found
Refreshing native plugins compatible for Editor in 58.66 ms, found 3 plugins.
Preloading 0 native plugins for Editor in 0.00 ms.
Mono: successfully reloaded assembly
- Completed reload, in  0.445 seconds
Domain Reload Profiling:
	ReloadAssembly (445ms)
		BeginReloadAssembly (49ms)
			ExecutionOrderSort (0ms)
			DisableScriptedObjects (0ms)
			BackupInstance (0ms)
			ReleaseScriptingObjects (0ms)
			CreateAndSetChildDomain (1ms)
		EndReloadAssembly (318ms)
			LoadAssemblies (47ms)
			RebuildTransferFunctionScriptingTraits (0ms)
			SetupTypeCache (80ms)
			ReleaseScriptCaches (0ms)
			RebuildScriptCaches (18ms)
			SetupLoadedEditorAssemblies (184ms)
				LogAssemblyErrors (0ms)
				InitializePlatformSupportModulesInManaged (8ms)
				SetLoadedEditorAssemblies (0ms)
				RefreshPlugins (59ms)
				BeforeProcessingInitializeOnLoad (1ms)
				ProcessInitializeOnLoadAttributes (84ms)
				ProcessInitializeOnLoadMethodAttributes (32ms)
				AfterProcessingInitializeOnLoad (0ms)
				EditorAssembliesLoaded (0ms)
			ExecutionOrderSort2 (0ms)
			AwakeInstancesAfterBackupRestoration (0ms)
Platform modules already initialized, skipping
Registering precompiled user dll's ...
Registered in 0.003261 seconds.
Begin MonoManager ReloadAssembly
Symbol file LoadedFromMemory doesn't match image C:\Users\SGA\Desktop\직박구리\0302 유니티,깃허브\깃\moca\no pro\Library\PackageCache\com.unity.visualscripting@1.8.0\Editor\VisualScripting.Core\Dependencies\YamlDotNet\Unity.VisualScripting.YamlDotNet.dll
Symbol file LoadedFromMemory doesn't match image C:\Users\SGA\Desktop\직박구리\0302 유니티,깃허브\깃\moca\no pro\Library\PackageCache\com.unity.visualscripting@1.8.0\Editor\VisualScripting.Core\Dependencies\DotNetZip\Unity.VisualScripting.IonicZip.dll
Native extension for WindowsStandalone target not found
Native extension for WebGL target not found
Refreshing native plugins compatible for Editor in 0.41 ms, found 3 plugins.
Preloading 0 native plugins for Editor in 0.00 ms.
Mono: successfully reloaded assembly
- Completed reload, in  0.711 seconds
Domain Reload Profiling:
	ReloadAssembly (711ms)
		BeginReloadAssembly (79ms)
			ExecutionOrderSort (0ms)
			DisableScriptedObjects (4ms)
			BackupInstance (0ms)
			ReleaseScriptingObjects (0ms)
			CreateAndSetChildDomain (15ms)
		EndReloadAssembly (554ms)
			LoadAssemblies (54ms)
			RebuildTransferFunctionScriptingTraits (0ms)
			SetupTypeCache (177ms)
			ReleaseScriptCaches (0ms)
			RebuildScriptCaches (32ms)
			SetupLoadedEditorAssemblies (269ms)
				LogAssemblyErrors (0ms)
				InitializePlatformSupportModulesInManaged (4ms)
				SetLoadedEditorAssemblies (0ms)
				RefreshPlugins (0ms)
				BeforeProcessingInitializeOnLoad (50ms)
				ProcessInitializeOnLoadAttributes (195ms)
				ProcessInitializeOnLoadMethodAttributes (13ms)
				AfterProcessingInitializeOnLoad (5ms)
				EditorAssembliesLoaded (0ms)
			ExecutionOrderSort2 (0ms)
			AwakeInstancesAfterBackupRestoration (4ms)
Platform modules already initialized, skipping
========================================================================
Worker process is ready to serve import requests
Launched and connected shader compiler UnityShaderCompiler.exe after 0.03 seconds
Refreshing native plugins compatible for Editor in 0.40 ms, found 3 plugins.
Preloading 0 native plugins for Editor in 0.00 ms.
Unloading 3123 Unused Serialized files (Serialized files now loaded: 0)
Unloading 22 unused Assets / (56.0 KB). Loaded Objects now: 3590.
Memory consumption went from 117.2 MB to 117.1 MB.
Total: 2.182900 ms (FindLiveObjects: 0.192800 ms CreateObjectMapping: 0.075500 ms MarkObjects: 1.846200 ms  DeleteObjects: 0.067400 ms)

AssetImportParameters requested are different than current active one (requested -> active):
  custom:video-decoder-ogg-theora: a1e56fd34408186e4bbccfd4996cb3dc -> 
  custom:container-muxer-webm: aa71ff27fc2769a1b78a27578f13a17b -> 
  custom:container-demuxer-webm: 4f35f7cbe854078d1ac9338744f61a02 -> 
  custom:video-encoder-webm-vp8: eb34c28f22e8b96e1ab97ce403110664 -> 
  custom:audio-encoder-webm-vorbis: bf7c407c2cedff20999df2af8eb42d56 -> 
  custom:framework-win-MediaFoundation: 216162199b28c13a410421893ffa2e32 -> 
  custom:container-demuxer-ogg: 62fdf1f143b41e24485cea50d1cbac27 -> 
  custom:video-decoder-webm-vp8: 9c59270c3fd7afecdb556c50c9e8de78 -> 
  custom:audio-decoder-ogg-vorbis: bf7c407c2cedff20999df2af8eb42d56 -> 
========================================================================
Received Prepare
Registering precompiled user dll's ...
Registered in 0.002701 seconds.
Begin MonoManager ReloadAssembly
Symbol file LoadedFromMemory doesn't match image C:\Users\SGA\Desktop\직박구리\0302 유니티,깃허브\깃\moca\no pro\Library\PackageCache\com.unity.visualscripting@1.8.0\Editor\VisualScripting.Core\Dependencies\YamlDotNet\Unity.VisualScripting.YamlDotNet.dll
Symbol file LoadedFromMemory doesn't match image C:\Users\SGA\Desktop\직박구리\0302 유니티,깃허브\깃\moca\no pro\Library\PackageCache\com.unity.visualscripting@1.8.0\Editor\VisualScripting.Core\Dependencies\DotNetZip\Unity.VisualScripting.IonicZip.dll
Native extension for WindowsStandalone target not found
Native extension for WebGL target not found
Refreshing native plugins compatible for Editor in 0.44 ms, found 3 plugins.
Preloading 0 native plugins for Editor in 0.00 ms.
Mono: successfully reloaded assembly
- Completed reload, in  0.658 seconds
Domain Reload Profiling:
	ReloadAssembly (658ms)
		BeginReloadAssembly (97ms)
			ExecutionOrderSort (0ms)
			DisableScriptedObjects (4ms)
			BackupInstance (0ms)
			ReleaseScriptingObjects (0ms)
			CreateAndSetChildDomain (26ms)
		EndReloadAssembly (488ms)
			LoadAssemblies (54ms)
			RebuildTransferFunctionScriptingTraits (0ms)
			SetupTypeCache (177ms)
			ReleaseScriptCaches (1ms)
			RebuildScriptCaches (29ms)
			SetupLoadedEditorAssemblies (202ms)
				LogAssemblyErrors (0ms)
				InitializePlatformSupportModulesInManaged (10ms)
				SetLoadedEditorAssemblies (0ms)
				RefreshPlugins (0ms)
				BeforeProcessingInitializeOnLoad (41ms)
				ProcessInitializeOnLoadAttributes (132ms)
				ProcessInitializeOnLoadMethodAttributes (14ms)
				AfterProcessingInitializeOnLoad (4ms)
				EditorAssembliesLoaded (0ms)
			ExecutionOrderSort2 (0ms)
			AwakeInstancesAfterBackupRestoration (4ms)
Platform modules already initialized, skipping
Refreshing native plugins compatible for Editor in 1.08 ms, found 3 plugins.
Preloading 0 native plugins for Editor in 0.00 ms.
Unloading 3109 Unused Serialized files (Serialized files now loaded: 0)
Unloading 15 unused Assets / (24.7 KB). Loaded Objects now: 3593.
Memory consumption went from 116.0 MB to 116.0 MB.
Total: 1.924000 ms (FindLiveObjects: 0.164100 ms CreateObjectMapping: 0.069600 ms MarkObjects: 1.670700 ms  DeleteObjects: 0.018700 ms)

AssetImportParameters requested are different than current active one (requested -> active):
  custom:video-decoder-ogg-theora: a1e56fd34408186e4bbccfd4996cb3dc -> 
  custom:container-muxer-webm: aa71ff27fc2769a1b78a27578f13a17b -> 
  custom:container-demuxer-webm: 4f35f7cbe854078d1ac9338744f61a02 -> 
  custom:video-encoder-webm-vp8: eb34c28f22e8b96e1ab97ce403110664 -> 
  custom:audio-encoder-webm-vorbis: bf7c407c2cedff20999df2af8eb42d56 -> 
  custom:framework-win-MediaFoundation: 216162199b28c13a410421893ffa2e32 -> 
  custom:container-demuxer-ogg: 62fdf1f143b41e24485cea50d1cbac27 -> 
  custom:video-decoder-webm-vp8: 9c59270c3fd7afecdb556c50c9e8de78 -> 
  custom:audio-decoder-ogg-vorbis: bf7c407c2cedff20999df2af8eb42d56 -> 
========================================================================
Received Import Request.
  Time since last request: 2260.494127 seconds.
  path: Assets/Prefab/FX
  artifactKey: Guid(24eecac29f1c0934dbe51d80f1116a64) Importer(815301076,1909f56bfc062723c751e8b465ee728b)
Start importing Assets/Prefab/FX using Guid(24eecac29f1c0934dbe51d80f1116a64) Importer(815301076,1909f56bfc062723c751e8b465ee728b)  -> (artifact id: 'fc8f0a927789f89396bd6160f1b77daa') in 0.009172 seconds 
========================================================================
Received Import Request.
  Time since last request: 35.431449 seconds.
  path: Assets/Resource/JMO Assets/Cartoon FX (legacy)
  artifactKey: Guid(c865e48369a325f4784ecd8444d1ec51) Importer(815301076,1909f56bfc062723c751e8b465ee728b)
Start importing Assets/Resource/JMO Assets/Cartoon FX (legacy) using Guid(c865e48369a325f4784ecd8444d1ec51) Importer(815301076,1909f56bfc062723c751e8b465ee728b)  -> (artifact id: '33fde2d00cf2ee0e2de16b4a19a3345d') in 0.007469 seconds 
========================================================================
Received Import Request.
  Time since last request: 10.726001 seconds.
  path: Assets/Resource/JMO Assets/Cartoon FX Remaster
  artifactKey: Guid(b56551e9e3ab84e4180b7b30c06ff232) Importer(815301076,1909f56bfc062723c751e8b465ee728b)
Start importing Assets/Resource/JMO Assets/Cartoon FX Remaster using Guid(b56551e9e3ab84e4180b7b30c06ff232) Importer(815301076,1909f56bfc062723c751e8b465ee728b)  -> (artifact id: '0f32c46b3a0500e47d0dd151c6a32ade') in 0.006235 seconds 
========================================================================
Received Import Request.
  Time since last request: 1.714266 seconds.
  path: Assets/Resource/JMO Assets/Welcome Screen
  artifactKey: Guid(94eaf9ef97eca14439317d17d25a0a34) Importer(815301076,1909f56bfc062723c751e8b465ee728b)
Start importing Assets/Resource/JMO Assets/Welcome Screen using Guid(94eaf9ef97eca14439317d17d25a0a34) Importer(815301076,1909f56bfc062723c751e8b465ee728b)  -> (artifact id: '7847226bb8947d43229a597a11d0dede') in 0.004608 seconds 
========================================================================
Received Import Request.
  Time since last request: 3.443218 seconds.
  path: Assets/Resource/JMO Assets/Cartoon FX (legacy)/Textures
  artifactKey: Guid(be11574018eb9cc4882e2d9ddb8c7926) Importer(815301076,1909f56bfc062723c751e8b465ee728b)
Start importing Assets/Resource/JMO Assets/Cartoon FX (legacy)/Textures using Guid(be11574018eb9cc4882e2d9ddb8c7926) Importer(815301076,1909f56bfc062723c751e8b465ee728b)  -> (artifact id: '174d120c89ccd45889a9e55e120e50a4') in 0.002077 seconds 
========================================================================
Received Import Request.
  Time since last request: 0.120688 seconds.
  path: Assets/Resource/JMO Assets/Cartoon FX (legacy)/Textures/CFX2_T_Bat.png
  artifactKey: Guid(32e27c4d7b392d448928e914fbf9b2d1) Importer(815301076,1909f56bfc062723c751e8b465ee728b)
Start importing Assets/Resource/JMO Assets/Cartoon FX (legacy)/Textures/CFX2_T_Bat.png using Guid(32e27c4d7b392d448928e914fbf9b2d1) Importer(815301076,1909f56bfc062723c751e8b465ee728b)  -> (artifact id: '0f5589edddf40f2c777f9edeffb4edff') in 0.054378 seconds 
========================================================================
Received Import Request.
  Time since last request: 0.000017 seconds.
  path: Assets/Resource/JMO Assets/Cartoon FX (legacy)/Textures/CFX2_T_Decal_BloodPuddle_AB.tga
  artifactKey: Guid(4be0e8aa5e8747240af836ab4904c4a5) Importer(815301076,1909f56bfc062723c751e8b465ee728b)
Start importing Assets/Resource/JMO Assets/Cartoon FX (legacy)/Textures/CFX2_T_Decal_BloodPuddle_AB.tga using Guid(4be0e8aa5e8747240af836ab4904c4a5) Importer(815301076,1909f56bfc062723c751e8b465ee728b)  -> (artifact id: '60c7270158461d24249fbaefc9d232f5') in 0.012771 seconds 
========================================================================
Received Import Request.
  Time since last request: 0.000023 seconds.
  path: Assets/Resource/JMO Assets/Cartoon FX (legacy)/Textures/CFX2_T_Star Outline.png
  artifactKey: Guid(3ec618feb88d1cc4da88093df65f5795) Importer(815301076,1909f56bfc062723c751e8b465ee728b)
Start importing Assets/Resource/JMO Assets/Cartoon FX (legacy)/Textures/CFX2_T_Star Outline.png using Guid(3ec618feb88d1cc4da88093df65f5795) Importer(815301076,1909f56bfc062723c751e8b465ee728b)  -> (artifact id: 'd52fb7b3fc768a0e9a99ba534234927c') in 0.011341 seconds 
========================================================================
Received Import Request.
  Time since last request: 0.000022 seconds.
  path: Assets/Resource/JMO Assets/Cartoon FX (legacy)/Textures/CFX2_T_Smiley Happy.png
  artifactKey: Guid(04968eedb3f06fb478bf733d8fb53727) Importer(815301076,1909f56bfc062723c751e8b465ee728b)
Start importing Assets/Resource/JMO Assets/Cartoon FX (legacy)/Textures/CFX2_T_Smiley Happy.png using Guid(04968eedb3f06fb478bf733d8fb53727) Importer(815301076,1909f56bfc062723c751e8b465ee728b)  -> (artifact id: '1c151bb224e3b5613d359127d885ccac') in 0.009224 seconds 
========================================================================
Received Import Request.
  Time since last request: 0.000020 seconds.
  path: Assets/Resource/JMO Assets/Cartoon FX (legacy)/Textures/CFX2_T_Heart.png
  artifactKey: Guid(025d69190a4ac0844aba79123c911853) Importer(815301076,1909f56bfc062723c751e8b465ee728b)
Start importing Assets/Resource/JMO Assets/Cartoon FX (legacy)/Textures/CFX2_T_Heart.png using Guid(025d69190a4ac0844aba79123c911853) Importer(815301076,1909f56bfc062723c751e8b465ee728b)  -> (artifact id: '331752b1b7041eea9af56caa06f94478') in 0.009789 seconds 
========================================================================
Received Import Request.
  Time since last request: 0.000017 seconds.
  path: Assets/Resource/JMO Assets/Cartoon FX (legacy)/Textures/CFX2_T_HeartBrokenSlice.png
  artifactKey: Guid(9864efbfd97a1d141aaef379143ac011) Importer(815301076,1909f56bfc062723c751e8b465ee728b)
Start importing Assets/Resource/JMO Assets/Cartoon FX (legacy)/Textures/CFX2_T_HeartBrokenSlice.png using Guid(9864efbfd97a1d141aaef379143ac011) Importer(815301076,1909f56bfc062723c751e8b465ee728b)  -> (artifact id: '1bd0ded566e9d97925265b542c990b0b') in 0.008911 seconds 
========================================================================
Received Import Request.
  Time since last request: 0.000016 seconds.
  path: Assets/Resource/JMO Assets/Cartoon FX (legacy)/Textures/CFX2_T_GlowSoft.png
  artifactKey: Guid(8a75e78ce03d6bf4aa7ab9b759c2ca32) Importer(815301076,1909f56bfc062723c751e8b465ee728b)
Start importing Assets/Resource/JMO Assets/Cartoon FX (legacy)/Textures/CFX2_T_GlowSoft.png using Guid(8a75e78ce03d6bf4aa7ab9b759c2ca32) Importer(815301076,1909f56bfc062723c751e8b465ee728b)  -> (artifact id: 'f605c0c29ea41f6a0db4b0aa3cafc0ea') in 0.008427 seconds 
========================================================================
Received Import Request.
  Time since last request: 0.000018 seconds.
  path: Assets/Resource/JMO Assets/Cartoon FX (legacy)/Textures/CFX2_T_Smiley Happy Outline.png
  artifactKey: Guid(8b5cfdfaadd8a244c854bac174bd9120) Importer(815301076,1909f56bfc062723c751e8b465ee728b)
Start importing Assets/Resource/JMO Assets/Cartoon FX (legacy)/Textures/CFX2_T_Smiley Happy Outline.png using Guid(8b5cfdfaadd8a244c854bac174bd9120) Importer(815301076,1909f56bfc062723c751e8b465ee728b)  -> (artifact id: '73d14028410b49587783277c54703132') in 0.009000 seconds 
========================================================================
Received Import Request.
  Time since last request: 0.000019 seconds.
  path: Assets/Resource/JMO Assets/Cartoon FX (legacy)/Textures/CFX2_T_HeartBroken_2Frames.png
  artifactKey: Guid(fc30dedb4b1539a459c3601dc98f4b47) Importer(815301076,1909f56bfc062723c751e8b465ee728b)
Start importing Assets/Resource/JMO Assets/Cartoon FX (legacy)/Textures/CFX2_T_HeartBroken_2Frames.png using Guid(fc30dedb4b1539a459c3601dc98f4b47) Importer(815301076,1909f56bfc062723c751e8b465ee728b)  -> (artifact id: '3c1e316868c1da8d25dabd2b2ae3e0b5') in 0.008350 seconds 
========================================================================
Received Import Request.
  Time since last request: 0.591345 seconds.
  path: Assets/Resource/JMO Assets/Cartoon FX (legacy)/Textures/CFX2_T_Wood.tga
  artifactKey: Guid(1b6f6b4520da0a54dbbf54076ba6fb9f) Importer(815301076,1909f56bfc062723c751e8b465ee728b)
Start importing Assets/Resource/JMO Assets/Cartoon FX (legacy)/Textures/CFX2_T_Wood.tga using Guid(1b6f6b4520da0a54dbbf54076ba6fb9f) Importer(815301076,1909f56bfc062723c751e8b465ee728b)  -> (artifact id: '1eb7488aa2467aae8c49538c24c3bda1') in 0.008505 seconds 
========================================================================
Received Import Request.
  Time since last request: 0.000020 seconds.
  path: Assets/Resource/JMO Assets/Cartoon FX (legacy)/Textures/CFX2_T_WWSmoke Glow AB.tga
  artifactKey: Guid(cb1e9236f4c5c7d47b900b5f0026b10f) Importer(815301076,1909f56bfc062723c751e8b465ee728b)
Start importing Assets/Resource/JMO Assets/Cartoon FX (legacy)/Textures/CFX2_T_WWSmoke Glow AB.tga using Guid(cb1e9236f4c5c7d47b900b5f0026b10f) Importer(815301076,1909f56bfc062723c751e8b465ee728b)  -> (artifact id: '50416efa1fca040ee69939f28924adab') in 0.010684 seconds 
========================================================================
Received Import Request.
  Time since last request: 0.000018 seconds.
  path: Assets/Resource/JMO Assets/Cartoon FX (legacy)/Textures/CFX2_T_WWInvSmoke2 AB.png
  artifactKey: Guid(d1df5e260d03bda4fb1f5e2b6c1e0989) Importer(815301076,1909f56bfc062723c751e8b465ee728b)
Start importing Assets/Resource/JMO Assets/Cartoon FX (legacy)/Textures/CFX2_T_WWInvSmoke2 AB.png using Guid(d1df5e260d03bda4fb1f5e2b6c1e0989) Importer(815301076,1909f56bfc062723c751e8b465ee728b)  -> (artifact id: '002fed92ed36b5cb70107119e3596cf1') in 0.010647 seconds 
========================================================================
Received Import Request.
  Time since last request: 0.366488 seconds.
  path: Assets/Resource/JMO Assets/Cartoon FX (legacy)/Textures/CFX3_T_CircleSoft.png
  artifactKey: Guid(da8f1c2ca73fa7849812d48c57b95295) Importer(815301076,1909f56bfc062723c751e8b465ee728b)
Start importing Assets/Resource/JMO Assets/Cartoon FX (legacy)/Textures/CFX3_T_CircleSoft.png using Guid(da8f1c2ca73fa7849812d48c57b95295) Importer(815301076,1909f56bfc062723c751e8b465ee728b)  -> (artifact id: 'fe65df243445ff9b74d8fbb6fea17200') in 0.007949 seconds 
========================================================================
Received Import Request.
  Time since last request: 0.000015 seconds.
  path: Assets/Resource/JMO Assets/Cartoon FX (legacy)/Textures/CFX3_T_GlowStar.png
  artifactKey: Guid(91d3d754c3f2ed742b805399cbbbe0e9) Importer(815301076,1909f56bfc062723c751e8b465ee728b)
Start importing Assets/Resource/JMO Assets/Cartoon FX (legacy)/Textures/CFX3_T_GlowStar.png using Guid(91d3d754c3f2ed742b805399cbbbe0e9) Importer(815301076,1909f56bfc062723c751e8b465ee728b)  -> (artifact id: '7d7dab27fbfa7a070f2b9d7bd5cc4290') in 0.008483 seconds 
========================================================================
Received Import Request.
  Time since last request: 0.000020 seconds.
  path: Assets/Resource/JMO Assets/Cartoon FX (legacy)/Textures/CFX3_T_GlowDot.png
  artifactKey: Guid(3deb8633c6b720d42aab1c61a340a3af) Importer(815301076,1909f56bfc062723c751e8b465ee728b)
Start importing Assets/Resource/JMO Assets/Cartoon FX (legacy)/Textures/CFX3_T_GlowDot.png using Guid(3deb8633c6b720d42aab1c61a340a3af) Importer(815301076,1909f56bfc062723c751e8b465ee728b)  -> (artifact id: 'cdd908a71bac083cb6c197a67b4da033') in 0.008791 seconds 
========================================================================
Received Import Request.
  Time since last request: 0.000017 seconds.
  path: Assets/Resource/JMO Assets/Cartoon FX (legacy)/Textures/CFX3_T_GlowSpike.png
  artifactKey: Guid(ef7c6c2563f24da42b7c53853678ae82) Importer(815301076,1909f56bfc062723c751e8b465ee728b)
Start importing Assets/Resource/JMO Assets/Cartoon FX (legacy)/Textures/CFX3_T_GlowSpike.png using Guid(ef7c6c2563f24da42b7c53853678ae82) Importer(815301076,1909f56bfc062723c751e8b465ee728b)  -> (artifact id: '77eb201171e11798b79023f3c10b9ca4') in 0.008766 seconds 
========================================================================
Received Import Request.
  Time since last request: 0.000017 seconds.
  path: Assets/Resource/JMO Assets/Cartoon FX (legacy)/Textures/CFX3_T_SmallRay.png
  artifactKey: Guid(0659a2faaee9f7442a45c7ec908dabcb) Importer(815301076,1909f56bfc062723c751e8b465ee728b)
Start importing Assets/Resource/JMO Assets/Cartoon FX (legacy)/Textures/CFX3_T_SmallRay.png using Guid(0659a2faaee9f7442a45c7ec908dabcb) Importer(815301076,1909f56bfc062723c751e8b465ee728b)  -> (artifact id: 'd7380e6d906fe685bc6efba8a61d8382') in 0.009344 seconds 
========================================================================
Received Import Request.
  Time since last request: 0.000024 seconds.
  path: Assets/Resource/JMO Assets/Cartoon FX (legacy)/Textures/CFX3_T_SmokePuff.png
  artifactKey: Guid(aff991a95cb92204fa62dffc7e7b6ead) Importer(815301076,1909f56bfc062723c751e8b465ee728b)
Start importing Assets/Resource/JMO Assets/Cartoon FX (legacy)/Textures/CFX3_T_SmokePuff.png using Guid(aff991a95cb92204fa62dffc7e7b6ead) Importer(815301076,1909f56bfc062723c751e8b465ee728b)  -> (artifact id: '1171000b1284bbb5ebb12bfe10cbd968') in 0.009876 seconds 
========================================================================
Received Import Request.
  Time since last request: 0.000029 seconds.
  path: Assets/Resource/JMO Assets/Cartoon FX (legacy)/Textures/CFX3_T_RayStraight.png
  artifactKey: Guid(25fe726fd84d1154790a6f91bccc02c5) Importer(815301076,1909f56bfc062723c751e8b465ee728b)
Start importing Assets/Resource/JMO Assets/Cartoon FX (legacy)/Textures/CFX3_T_RayStraight.png using Guid(25fe726fd84d1154790a6f91bccc02c5) Importer(815301076,1909f56bfc062723c751e8b465ee728b)  -> (artifact id: '19c3287db2e94b336279b80cbec300c7') in 0.007297 seconds 
========================================================================
Received Import Request.
  Time since last request: 0.011485 seconds.
  path: Assets/Resource/JMO Assets/Cartoon FX (legacy)/Textures/CFX4_T_Anim_WiggleLine.png
  artifactKey: Guid(cd895235a201703448c77a2952188cd1) Importer(815301076,1909f56bfc062723c751e8b465ee728b)
Start importing Assets/Resource/JMO Assets/Cartoon FX (legacy)/Textures/CFX4_T_Anim_WiggleLine.png using Guid(cd895235a201703448c77a2952188cd1) Importer(815301076,1909f56bfc062723c751e8b465ee728b)  -> (artifact id: 'ebdf6944bddfe8c2d8d16216de4714eb') in 0.008480 seconds 
========================================================================
Received Import Request.
  Time since last request: 0.000017 seconds.
  path: Assets/Resource/JMO Assets/Cartoon FX (legacy)/Textures/CFX4_T_FireSoft RGB.png
  artifactKey: Guid(4590452e6e05a624c98b4f931f719e56) Importer(815301076,1909f56bfc062723c751e8b465ee728b)
Start importing Assets/Resource/JMO Assets/Cartoon FX (legacy)/Textures/CFX4_T_FireSoft RGB.png using Guid(4590452e6e05a624c98b4f931f719e56) Importer(815301076,1909f56bfc062723c751e8b465ee728b)  -> (artifact id: 'fd2a633fccb91c3978b0ebf17fa77afd') in 0.008648 seconds 
========================================================================
Received Import Request.
  Time since last request: 0.000020 seconds.
  path: Assets/Resource/JMO Assets/Cartoon FX (legacy)/Textures/CFX4_T_GroundDebris AB.png
  artifactKey: Guid(1e3c761df42153c439e30160ebb12adc) Importer(815301076,1909f56bfc062723c751e8b465ee728b)
Start importing Assets/Resource/JMO Assets/Cartoon FX (legacy)/Textures/CFX4_T_GroundDebris AB.png using Guid(1e3c761df42153c439e30160ebb12adc) Importer(815301076,1909f56bfc062723c751e8b465ee728b)  -> (artifact id: '027d9269a64126357d7fc269ca20bd05') in 0.009974 seconds 
========================================================================
Received Import Request.
  Time since last request: 0.000020 seconds.
  path: Assets/Resource/JMO Assets/Cartoon FX (legacy)/Textures/CFX4_T_Circle.png
  artifactKey: Guid(b6342c23be279ce4fa9ca506fb0b1b05) Importer(815301076,1909f56bfc062723c751e8b465ee728b)
Start importing Assets/Resource/JMO Assets/Cartoon FX (legacy)/Textures/CFX4_T_Circle.png using Guid(b6342c23be279ce4fa9ca506fb0b1b05) Importer(815301076,1909f56bfc062723c751e8b465ee728b)  -> (artifact id: '7aa0758a9f1d60c912fe047fcbbf6e4e') in 0.008500 seconds 
========================================================================
Received Import Request.
  Time since last request: 0.000023 seconds.
  path: Assets/Resource/JMO Assets/Cartoon FX (legacy)/Textures/CFX4_T_PowHit.png
  artifactKey: Guid(3736d3a30afdf1f4f8a5ba4e289720d3) Importer(815301076,1909f56bfc062723c751e8b465ee728b)
Start importing Assets/Resource/JMO Assets/Cartoon FX (legacy)/Textures/CFX4_T_PowHit.png using Guid(3736d3a30afdf1f4f8a5ba4e289720d3) Importer(815301076,1909f56bfc062723c751e8b465ee728b)  -> (artifact id: '061472fc07c73a2141f99e0be9810b7f') in 0.008844 seconds 
========================================================================
Received Import Request.
  Time since last request: 0.000024 seconds.
  path: Assets/Resource/JMO Assets/Cartoon FX (legacy)/Textures/CFX4_T_BubbleSubtle A8.png
  artifactKey: Guid(2b1e7eedd7ee0e84495e702c91bc240a) Importer(815301076,1909f56bfc062723c751e8b465ee728b)
Start importing Assets/Resource/JMO Assets/Cartoon FX (legacy)/Textures/CFX4_T_BubbleSubtle A8.png using Guid(2b1e7eedd7ee0e84495e702c91bc240a) Importer(815301076,1909f56bfc062723c751e8b465ee728b)  -> (artifact id: '4c4bc91d3f8d949de2af33631b5932f8') in 0.029689 seconds 
========================================================================
Received Import Request.
  Time since last request: 0.208826 seconds.
  path: Assets/Resource/JMO Assets/Cartoon FX (legacy)/Textures/CFX_ElectricSparkle.png
  artifactKey: Guid(a070c34b838259a4eb4338c1c5b753b3) Importer(815301076,1909f56bfc062723c751e8b465ee728b)
Start importing Assets/Resource/JMO Assets/Cartoon FX (legacy)/Textures/CFX_ElectricSparkle.png using Guid(a070c34b838259a4eb4338c1c5b753b3) Importer(815301076,1909f56bfc062723c751e8b465ee728b)  -> (artifact id: '86421a1a8daee8b14297f72331a0a0c2') in 0.009777 seconds 
========================================================================
Received Import Request.
  Time since last request: 0.000016 seconds.
  path: Assets/Resource/JMO Assets/Cartoon FX (legacy)/Textures/CFX_T_Anim4_RoundedLines.png
  artifactKey: Guid(7987b6791dff098469332588914e2c84) Importer(815301076,1909f56bfc062723c751e8b465ee728b)
Start importing Assets/Resource/JMO Assets/Cartoon FX (legacy)/Textures/CFX_T_Anim4_RoundedLines.png using Guid(7987b6791dff098469332588914e2c84) Importer(815301076,1909f56bfc062723c751e8b465ee728b)  -> (artifact id: '062c2ec1bd4dcad3ec9a0e787380e177') in 0.008545 seconds 
========================================================================
Received Import Request.
  Time since last request: 0.000016 seconds.
  path: Assets/Resource/JMO Assets/Cartoon FX (legacy)/Textures/CFX_T_Bolt.png
  artifactKey: Guid(347a4af640f58824d8438fae9b34a012) Importer(815301076,1909f56bfc062723c751e8b465ee728b)
Start importing Assets/Resource/JMO Assets/Cartoon FX (legacy)/Textures/CFX_T_Bolt.png using Guid(347a4af640f58824d8438fae9b34a012) Importer(815301076,1909f56bfc062723c751e8b465ee728b)  -> (artifact id: 'c0d907201c55cabc642ce3aa69651a87') in 0.008379 seconds 
========================================================================
Received Import Request.
  Time since last request: 0.000021 seconds.
  path: Assets/Resource/JMO Assets/Cartoon FX (legacy)/Textures/CFX_T_Flame1_ABP.tga
  artifactKey: Guid(c05e2ace26b44c34c8012474ae4faf44) Importer(815301076,1909f56bfc062723c751e8b465ee728b)
Start importing Assets/Resource/JMO Assets/Cartoon FX (legacy)/Textures/CFX_T_Flame1_ABP.tga using Guid(c05e2ace26b44c34c8012474ae4faf44) Importer(815301076,1909f56bfc062723c751e8b465ee728b)  -> (artifact id: '26895bce410d20fbca809aa1066ef791') in 0.009626 seconds 
========================================================================
Received Import Request.
  Time since last request: 0.000024 seconds.
  path: Assets/Resource/JMO Assets/Cartoon FX (legacy)/Textures/CFX_T_Foam.png
  artifactKey: Guid(c4d5aed015bc1e74f8c8f6329edb4fbb) Importer(815301076,1909f56bfc062723c751e8b465ee728b)
Start importing Assets/Resource/JMO Assets/Cartoon FX (legacy)/Textures/CFX_T_Foam.png using Guid(c4d5aed015bc1e74f8c8f6329edb4fbb) Importer(815301076,1909f56bfc062723c751e8b465ee728b)  -> (artifact id: '5d9dcaa708bac319d9aa91e4f0ccc6a7') in 0.009129 seconds 
========================================================================
Received Import Request.
  Time since last request: 0.000019 seconds.
  path: Assets/Resource/JMO Assets/Cartoon FX (legacy)/Textures/CFX_T_SpacedLine.png
  artifactKey: Guid(31ea030e6226b8241a5cfea71dc780f1) Importer(815301076,1909f56bfc062723c751e8b465ee728b)
Start importing Assets/Resource/JMO Assets/Cartoon FX (legacy)/Textures/CFX_T_SpacedLine.png using Guid(31ea030e6226b8241a5cfea71dc780f1) Importer(815301076,1909f56bfc062723c751e8b465ee728b)  -> (artifact id: '37fc76317fbfb7f234d6dfdd374f43be') in 0.009746 seconds 
========================================================================
Received Import Request.
  Time since last request: 0.000015 seconds.
  path: Assets/Resource/JMO Assets/Cartoon FX (legacy)/Textures/CFX_T_Star Add.png
  artifactKey: Guid(df9dab791d4192b4694f9a442f64b18d) Importer(815301076,1909f56bfc062723c751e8b465ee728b)
Start importing Assets/Resource/JMO Assets/Cartoon FX (legacy)/Textures/CFX_T_Star Add.png using Guid(df9dab791d4192b4694f9a442f64b18d) Importer(815301076,1909f56bfc062723c751e8b465ee728b)  -> (artifact id: '1ed83b03529f1e73896f0b16ae567658') in 0.007584 seconds 
========================================================================
Received Import Request.
  Time since last request: 0.000017 seconds.
  path: Assets/Resource/JMO Assets/Cartoon FX (legacy)/Textures/CFX_T_Text_Boom.tga
  artifactKey: Guid(19af7054766e9ea4789ead0cefad4a77) Importer(815301076,1909f56bfc062723c751e8b465ee728b)
Start importing Assets/Resource/JMO Assets/Cartoon FX (legacy)/Textures/CFX_T_Text_Boom.tga using Guid(19af7054766e9ea4789ead0cefad4a77) Importer(815301076,1909f56bfc062723c751e8b465ee728b)  -> (artifact id: 'bb407089689ab9fbebab48aae1842c0c') in 0.008242 seconds 
========================================================================
Received Import Request.
  Time since last request: 0.000029 seconds.
  path: Assets/Resource/JMO Assets/Cartoon FX (legacy)/Textures/CFX_T_RayRounded.png
  artifactKey: Guid(80afd895097ad144893ad78943aaf475) Importer(815301076,1909f56bfc062723c751e8b465ee728b)
Start importing Assets/Resource/JMO Assets/Cartoon FX (legacy)/Textures/CFX_T_RayRounded.png using Guid(80afd895097ad144893ad78943aaf475) Importer(815301076,1909f56bfc062723c751e8b465ee728b)  -> (artifact id: 'f2ceff0fd3c2fe63f23a6c6967fc3231') in 0.009775 seconds 
========================================================================
Received Import Request.
  Time since last request: 0.000016 seconds.
  path: Assets/Resource/JMO Assets/Cartoon FX (legacy)/Textures/CFX_T_Splash_4Frames.png
  artifactKey: Guid(7756f8f5d53faa5418a5710442015153) Importer(815301076,1909f56bfc062723c751e8b465ee728b)
Start importing Assets/Resource/JMO Assets/Cartoon FX (legacy)/Textures/CFX_T_Splash_4Frames.png using Guid(7756f8f5d53faa5418a5710442015153) Importer(815301076,1909f56bfc062723c751e8b465ee728b)  -> (artifact id: '000f69b49155a4e43a32e2790c808f4a') in 0.009165 seconds 
========================================================================
Received Import Request.
  Time since last request: 0.000017 seconds.
  path: Assets/Resource/JMO Assets/Cartoon FX (legacy)/Textures/CFX_T_Anim4_Triangle1.png
  artifactKey: Guid(457b1e2e96148da47ac7049226511eff) Importer(815301076,1909f56bfc062723c751e8b465ee728b)
Start importing Assets/Resource/JMO Assets/Cartoon FX (legacy)/Textures/CFX_T_Anim4_Triangle1.png using Guid(457b1e2e96148da47ac7049226511eff) Importer(815301076,1909f56bfc062723c751e8b465ee728b)  -> (artifact id: '4dfff3f787d32e348092f71b44542601') in 0.008793 seconds 
========================================================================
Received Import Request.
  Time since last request: 0.000017 seconds.
  path: Assets/Resource/JMO Assets/Cartoon FX (legacy)/Textures/CFX_T_SpacedSpike.png
  artifactKey: Guid(ebbcc38b2a5a365429d42c1e4c7ebf21) Importer(815301076,1909f56bfc062723c751e8b465ee728b)
Start importing Assets/Resource/JMO Assets/Cartoon FX (legacy)/Textures/CFX_T_SpacedSpike.png using Guid(ebbcc38b2a5a365429d42c1e4c7ebf21) Importer(815301076,1909f56bfc062723c751e8b465ee728b)  -> (artifact id: 'ba62e05fd8f635acbfb5d13e9da12cf4') in 0.009257 seconds 
========================================================================
Received Import Request.
  Time since last request: 0.201789 seconds.
  path: Assets/Resource/JMO Assets/Cartoon FX (legacy)/Textures/CFX_T_Text_Slash.tga
  artifactKey: Guid(44bee328d3c1249409852a4eefaa3491) Importer(815301076,1909f56bfc062723c751e8b465ee728b)
Start importing Assets/Resource/JMO Assets/Cartoon FX (legacy)/Textures/CFX_T_Text_Slash.tga using Guid(44bee328d3c1249409852a4eefaa3491) Importer(815301076,1909f56bfc062723c751e8b465ee728b)  -> (artifact id: 'e7c2193d14b918720179f9f6ca891705') in 0.010497 seconds 
========================================================================
Received Import Request.
  Time since last request: 0.000017 seconds.
  path: Assets/Resource/JMO Assets/Cartoon FX (legacy)/Textures/CFX_T_Tornado.png
  artifactKey: Guid(7fe6e3d4e0d540247a6d1af150194b29) Importer(815301076,1909f56bfc062723c751e8b465ee728b)
Start importing Assets/Resource/JMO Assets/Cartoon FX (legacy)/Textures/CFX_T_Tornado.png using Guid(7fe6e3d4e0d540247a6d1af150194b29) Importer(815301076,1909f56bfc062723c751e8b465ee728b)  -> (artifact id: '0c946212491841bedbefa3066f0c069d') in 0.013884 seconds 
========================================================================
Received Import Request.
  Time since last request: 0.000016 seconds.
  path: Assets/Resource/JMO Assets/Cartoon FX (legacy)/Textures/CFX_T_Text_Zap.tga
  artifactKey: Guid(46b730a4e94830e4c8c03be7abefe890) Importer(815301076,1909f56bfc062723c751e8b465ee728b)
Start importing Assets/Resource/JMO Assets/Cartoon FX (legacy)/Textures/CFX_T_Text_Zap.tga using Guid(46b730a4e94830e4c8c03be7abefe890) Importer(815301076,1909f56bfc062723c751e8b465ee728b)  -> (artifact id: 'b20e9192c60df4e80c5aa47ffb9f6fd4') in 0.013436 seconds 
Editor requested this worker to shutdown with reason: Scaling down because of idle timeout
AssetImportWorker is now disconnected from the server
Process exiting
Exiting without the bug reporter. Application will terminate with return code 0